2023-04-13 11:30:01 [@DAMPC]
Interne #1 : Démarrage contract
2023-04-13 11:40:18 [2@DAMPC]
Interne #1 : Démarrage infocom
2023-04-13 11:46:53 [2@DAMPC]
Interne #1 : Démarrage mailgate
2023-04-13 12:25:18 [2@DAMPC]
Interne #1 : Démarrage session
2023-04-16 09:14:29 [@DAMPC]
Interne #1 : Démarrage graph
2023-04-16 09:14:56 [@DAMPC]
Interne #1 : Démarrage reservation
2023-04-16 09:15:46 [@DAMPC]
Interne #1 : Démarrage closeticket
2023-04-16 09:16:36 [@DAMPC]
Interne #1 : Démarrage alertnotclosed
2023-04-16 09:17:14 [2@DAMPC]
Interne #1 : Démarrage slaticket
2023-04-16 09:23:15 [@DAMPC]
Interne #1 : Démarrage createinquest
2023-04-16 09:26:49 [@DAMPC]
Interne #1 : Démarrage watcher
2023-04-16 09:32:08 [2@DAMPC]
Interne #1 : Démarrage RecurrentItems
2023-04-16 09:35:33 [@DAMPC]
Interne #1 : Démarrage planningrecall
2023-04-16 09:39:05 [@DAMPC]
Interne #1 : Démarrage queuednotification
2023-04-16 09:39:14 [@DAMPC]
Interne #1 : Démarrage queuednotificationclean
2023-04-16 09:40:09 [@DAMPC]
Interne #1 : Démarrage temp
2023-04-16 09:40:55 [@DAMPC]
Interne #1 : Démarrage mailgateerror
2023-04-16 09:42:48 [@DAMPC]
Interne #1 : Démarrage certificate
2023-04-16 09:44:08 [@DAMPC]
Interne #1 : Démarrage olaticket
2023-04-16 09:46:19 [@DAMPC]
Interne #1 : Démarrage mailgate
2023-04-16 09:48:36 [@DAMPC]
Interne #1 : Démarrage contract
2023-04-16 09:49:42 [@DAMPC]
Interne #1 : Démarrage infocom
2023-04-16 09:51:20 [@DAMPC]
Interne #1 : Démarrage session
2023-04-16 10:02:24 [@DAMPC]
Interne #1 : Démarrage slaticket
2023-04-16 10:03:17 [@DAMPC]
Interne #1 : Démarrage planningrecall
2023-04-16 10:05:18 [@DAMPC]
Interne #1 : Démarrage queuednotification
2023-04-16 11:03:27 [2@DAMPC]
Interne #1 : Démarrage olaticket
