2023-04-13 11:30:16 [@DAMPC]
[login] 3: glpi se connecte depuis l'IP 127.0.0.1
2023-04-16 09:14:52 [@DAMPC]
[login] 3: Connexion échouée de root depuis l'IP ::1
2023-04-16 09:16:33 [@DAMPC]
[login] 3: Connexion échouée de root depuis l'IP ::1
2023-04-16 09:18:18 [@DAMPC]
[login] 3: glpi se connecte depuis l'IP ::1
2023-04-16 09:23:26 [@DAMPC]
[login] 3: tech se connecte depuis l'IP ::1
2023-04-16 09:26:56 [@DAMPC]
[login] 3: glpi se connecte depuis l'IP ::1
2023-04-16 09:35:40 [@DAMPC]
[login] 3: tech se connecte depuis l'IP ::1
2023-04-16 09:39:11 [@DAMPC]
[login] 3: Connexion échouée de normal depuis l'IP ::1
2023-04-16 09:40:04 [@DAMPC]
[login] 3: Connexion échouée de normal depuis l'IP ::1
2023-04-16 09:40:47 [@DAMPC]
[login] 3: Connexion échouée de post-only depuis l'IP ::1
2023-04-16 09:41:05 [@DAMPC]
[login] 3: post-only se connecte depuis l'IP ::1
2023-04-16 09:42:55 [@DAMPC]
[login] 3: tech se connecte depuis l'IP ::1
2023-04-16 09:44:24 [@DAMPC]
[login] 3: post-only se connecte depuis l'IP ::1
2023-04-16 09:46:26 [@DAMPC]
[login] 3: tech se connecte depuis l'IP ::1
2023-04-16 09:48:49 [@DAMPC]
[login] 3: post-only se connecte depuis l'IP ::1
2023-04-16 09:49:49 [@DAMPC]
[login] 3: tech se connecte depuis l'IP ::1
2023-04-16 09:51:28 [@DAMPC]
[login] 3: post-only se connecte depuis l'IP ::1
2023-04-16 10:02:33 [@DAMPC]
[login] 3: glpi se connecte depuis l'IP ::1
2023-04-16 10:03:33 [@DAMPC]
[login] 3: post-only se connecte depuis l'IP ::1
2023-04-16 10:05:27 [@DAMPC]
[login] 3: glpi se connecte depuis l'IP ::1
